2021/08/18 13:14:25 [notice] 1#1: using the "epoll" event method
2021/08/18 13:14:25 [notice] 1#1: nginx/1.21.1
2021/08/18 13:14:25 [notice] 1#1: built by gcc 8.3.0 (Debian 8.3.0-6) 
2021/08/18 13:14:25 [notice] 1#1: OS: Linux 5.4.0-80-generic
2021/08/18 13:14:25 [notice] 1#1: getrlimit(RLIMIT_NOFILE): 1048576:1048576
2021/08/18 13:14:25 [notice] 1#1: start worker processes
2021/08/18 13:14:25 [notice] 1#1: start worker process 29
2021/08/18 13:22:13 [notice] 1#1: signal 3 (SIGQUIT) received, shutting down
2021/08/18 13:22:13 [notice] 29#29: gracefully shutting down
2021/08/18 13:22:13 [notice] 29#29: exiting
2021/08/18 13:22:13 [notice] 29#29: exit
2021/08/18 13:22:13 [notice] 1#1: signal 17 (SIGCHLD) received from 29
2021/08/18 13:22:13 [notice] 1#1: worker process 29 exited with code 0
2021/08/18 13:22:13 [notice] 1#1: exit
2021/08/18 13:22:56 [notice] 1#1: using the "epoll" event method
2021/08/18 13:22:56 [notice] 1#1: nginx/1.21.1
2021/08/18 13:22:56 [notice] 1#1: built by gcc 8.3.0 (Debian 8.3.0-6) 
2021/08/18 13:22:56 [notice] 1#1: OS: Linux 5.4.0-80-generic
2021/08/18 13:22:56 [notice] 1#1: getrlimit(RLIMIT_NOFILE): 1048576:1048576
2021/08/18 13:22:56 [notice] 1#1: start worker processes
2021/08/18 13:22:56 [notice] 1#1: start worker process 29
2021/08/18 13:32:41 [notice] 1#1: signal 3 (SIGQUIT) received, shutting down
2021/08/18 13:32:41 [notice] 29#29: gracefully shutting down
2021/08/18 13:32:41 [notice] 29#29: exiting
2021/08/18 13:32:41 [notice] 29#29: exit
2021/08/18 13:32:41 [notice] 1#1: signal 17 (SIGCHLD) received from 29
2021/08/18 13:32:41 [notice] 1#1: worker process 29 exited with code 0
2021/08/18 13:32:41 [notice] 1#1: exit
2021/08/18 13:32:55 [notice] 1#1: using the "epoll" event method
2021/08/18 13:32:55 [notice] 1#1: nginx/1.21.1
2021/08/18 13:32:55 [notice] 1#1: built by gcc 8.3.0 (Debian 8.3.0-6) 
2021/08/18 13:32:55 [notice] 1#1: OS: Linux 5.4.0-80-generic
2021/08/18 13:32:55 [notice] 1#1: getrlimit(RLIMIT_NOFILE): 1048576:1048576
2021/08/18 13:32:55 [notice] 1#1: start worker processes
2021/08/18 13:32:55 [notice] 1#1: start worker process 30
2021/08/18 13:33:31 [notice] 1#1: signal 3 (SIGQUIT) received, shutting down
2021/08/18 13:33:31 [notice] 30#30: gracefully shutting down
2021/08/18 13:33:31 [notice] 30#30: exiting
2021/08/18 13:33:31 [notice] 30#30: exit
2021/08/18 13:33:31 [notice] 1#1: signal 17 (SIGCHLD) received from 30
2021/08/18 13:33:31 [notice] 1#1: worker process 30 exited with code 0
2021/08/18 13:33:31 [notice] 1#1: exit
2021/08/18 13:33:35 [notice] 1#1: using the "epoll" event method
2021/08/18 13:33:35 [notice] 1#1: nginx/1.21.1
2021/08/18 13:33:35 [notice] 1#1: built by gcc 8.3.0 (Debian 8.3.0-6) 
2021/08/18 13:33:35 [notice] 1#1: OS: Linux 5.4.0-80-generic
2021/08/18 13:33:35 [notice] 1#1: getrlimit(RLIMIT_NOFILE): 1048576:1048576
2021/08/18 13:33:35 [notice] 1#1: start worker processes
2021/08/18 13:33:35 [notice] 1#1: start worker process 30
2021/08/18 13:36:48 [notice] 1#1: signal 3 (SIGQUIT) received, shutting down
2021/08/18 13:36:48 [notice] 30#30: gracefully shutting down
2021/08/18 13:36:48 [notice] 30#30: exiting
2021/08/18 13:36:48 [notice] 30#30: exit
2021/08/18 13:36:48 [notice] 1#1: signal 17 (SIGCHLD) received from 30
2021/08/18 13:36:48 [notice] 1#1: worker process 30 exited with code 0
2021/08/18 13:36:48 [notice] 1#1: exit
2021/08/18 13:37:26 [notice] 1#1: using the "epoll" event method
2021/08/18 13:37:26 [notice] 1#1: nginx/1.21.1
2021/08/18 13:37:26 [notice] 1#1: built by gcc 8.3.0 (Debian 8.3.0-6) 
2021/08/18 13:37:26 [notice] 1#1: OS: Linux 5.4.0-80-generic
2021/08/18 13:37:26 [notice] 1#1: getrlimit(RLIMIT_NOFILE): 1048576:1048576
2021/08/18 13:37:26 [notice] 1#1: start worker processes
2021/08/18 13:37:26 [notice] 1#1: start worker process 30
2021/08/18 14:58:47 [notice] 1#1: signal 3 (SIGQUIT) received, shutting down
2021/08/18 14:58:47 [notice] 30#30: gracefully shutting down
2021/08/18 14:58:47 [notice] 30#30: exiting
2021/08/18 14:58:47 [notice] 30#30: exit
2021/08/18 14:58:47 [notice] 1#1: signal 17 (SIGCHLD) received from 30
2021/08/18 14:58:47 [notice] 1#1: worker process 30 exited with code 0
2021/08/18 14:58:47 [notice] 1#1: exit
2021/09/06 09:57:51 [emerg] 1#1: host not found in upstream "api:8000" in /etc/nginx/conf.d/default.conf:2
2021/09/06 09:59:28 [emerg] 1#1: host not found in upstream "api:8000" in /etc/nginx/conf.d/default.conf:2
2021/09/06 10:00:02 [emerg] 1#1: host not found in upstream "api:8000" in /etc/nginx/conf.d/default.conf:2
2021/09/06 10:00:44 [emerg] 1#1: host not found in upstream "api:8000" in /etc/nginx/conf.d/default.conf:2
2021/09/06 10:01:15 [notice] 1#1: using the "epoll" event method
2021/09/06 10:01:15 [notice] 1#1: nginx/1.21.1
2021/09/06 10:01:15 [notice] 1#1: built by gcc 8.3.0 (Debian 8.3.0-6) 
2021/09/06 10:01:15 [notice] 1#1: OS: Linux 5.10.16.3-microsoft-standard-WSL2
2021/09/06 10:01:15 [notice] 1#1: getrlimit(RLIMIT_NOFILE): 1048576:1048576
2021/09/06 10:01:15 [notice] 1#1: start worker processes
2021/09/06 10:01:15 [notice] 1#1: start worker process 31
2021/09/06 10:01:15 [notice] 1#1: start worker process 32
2021/09/06 10:01:15 [notice] 1#1: start worker process 33
2021/09/06 10:01:15 [notice] 1#1: start worker process 34
2021/09/06 10:01:15 [notice] 1#1: start worker process 35
2021/09/06 10:01:15 [notice] 1#1: start worker process 36
2021/09/06 10:01:15 [notice] 1#1: start worker process 37
2021/09/06 10:01:15 [notice] 1#1: start worker process 38
2021/09/06 10:01:15 [notice] 1#1: start worker process 39
2021/09/06 10:01:15 [notice] 1#1: start worker process 40
2021/09/06 10:01:15 [notice] 1#1: start worker process 41
2021/09/06 10:01:15 [notice] 1#1: start worker process 42
2021/09/06 10:01:15 [notice] 1#1: start worker process 43
2021/09/06 10:01:15 [notice] 1#1: start worker process 44
2021/09/06 10:01:15 [notice] 1#1: start worker process 45
2021/09/06 10:01:15 [notice] 1#1: start worker process 46
2021/09/06 10:01:15 [notice] 1#1: start worker process 47
2021/09/06 10:01:15 [notice] 1#1: start worker process 48
2021/09/06 10:01:15 [notice] 1#1: start worker process 49
2021/09/06 10:01:15 [notice] 1#1: start worker process 50
2021/09/06 10:44:29 [notice] 1#1: signal 3 (SIGQUIT) received, shutting down
2021/09/06 10:44:29 [notice] 31#31: gracefully shutting down
2021/09/06 10:44:29 [notice] 32#32: gracefully shutting down
2021/09/06 10:44:29 [notice] 34#34: gracefully shutting down
2021/09/06 10:44:29 [notice] 43#43: gracefully shutting down
2021/09/06 10:44:29 [notice] 33#33: gracefully shutting down
2021/09/06 10:44:29 [notice] 32#32: exiting
2021/09/06 10:44:29 [notice] 35#35: gracefully shutting down
2021/09/06 10:44:29 [notice] 43#43: exiting
2021/09/06 10:44:29 [notice] 37#37: gracefully shutting down
2021/09/06 10:44:29 [notice] 35#35: exiting
2021/09/06 10:44:29 [notice] 38#38: gracefully shutting down
2021/09/06 10:44:29 [notice] 36#36: gracefully shutting down
2021/09/06 10:44:29 [notice] 40#40: gracefully shutting down
2021/09/06 10:44:29 [notice] 39#39: gracefully shutting down
2021/09/06 10:44:29 [notice] 42#42: gracefully shutting down
2021/09/06 10:44:29 [notice] 41#41: gracefully shutting down
2021/09/06 10:44:29 [notice] 44#44: gracefully shutting down
2021/09/06 10:44:29 [notice] 47#47: gracefully shutting down
2021/09/06 10:44:29 [notice] 42#42: exiting
2021/09/06 10:44:29 [notice] 48#48: gracefully shutting down
2021/09/06 10:44:29 [notice] 44#44: exiting
2021/09/06 10:44:29 [notice] 46#46: gracefully shutting down
2021/09/06 10:44:29 [notice] 45#45: gracefully shutting down
2021/09/06 10:44:29 [notice] 50#50: gracefully shutting down
2021/09/06 10:44:29 [notice] 49#49: gracefully shutting down
2021/09/06 10:44:29 [notice] 31#31: exiting
2021/09/06 10:44:29 [notice] 34#34: exiting
2021/09/06 10:44:29 [notice] 45#45: exiting
2021/09/06 10:44:29 [notice] 32#32: exit
2021/09/06 10:44:29 [notice] 33#33: exiting
2021/09/06 10:44:29 [notice] 43#43: exit
2021/09/06 10:44:29 [notice] 35#35: exit
2021/09/06 10:44:29 [notice] 37#37: exiting
2021/09/06 10:44:29 [notice] 36#36: exiting
2021/09/06 10:44:29 [notice] 38#38: exiting
2021/09/06 10:44:29 [notice] 40#40: exiting
2021/09/06 10:44:29 [notice] 39#39: exiting
2021/09/06 10:44:29 [notice] 41#41: exiting
2021/09/06 10:44:29 [notice] 39#39: exit
2021/09/06 10:44:29 [notice] 42#42: exit
2021/09/06 10:44:29 [notice] 44#44: exit
2021/09/06 10:44:29 [notice] 47#47: exiting
2021/09/06 10:44:29 [notice] 48#48: exiting
2021/09/06 10:44:29 [notice] 47#47: exit
2021/09/06 10:44:29 [notice] 46#46: exiting
2021/09/06 10:44:29 [notice] 31#31: exit
2021/09/06 10:44:29 [notice] 46#46: exit
2021/09/06 10:44:29 [notice] 50#50: exiting
2021/09/06 10:44:29 [notice] 34#34: exit
2021/09/06 10:44:29 [notice] 49#49: exiting
2021/09/06 10:44:29 [notice] 45#45: exit
2021/09/06 10:44:29 [notice] 33#33: exit
2021/09/06 10:44:29 [notice] 37#37: exit
2021/09/06 10:44:29 [notice] 36#36: exit
2021/09/06 10:44:29 [notice] 38#38: exit
2021/09/06 10:44:29 [notice] 40#40: exit
2021/09/06 10:44:29 [notice] 41#41: exit
2021/09/06 10:44:29 [notice] 48#48: exit
2021/09/06 10:44:29 [notice] 50#50: exit
2021/09/06 10:44:29 [notice] 49#49: exit
2021/09/06 10:44:29 [notice] 1#1: signal 17 (SIGCHLD) received from 34
2021/09/06 10:44:29 [notice] 1#1: worker process 31 exited with code 0
2021/09/06 10:44:29 [notice] 1#1: worker process 34 exited with code 0
2021/09/06 10:44:29 [notice] 1#1: worker process 36 exited with code 0
2021/09/06 10:44:29 [notice] 1#1: worker process 39 exited with code 0
2021/09/06 10:44:29 [notice] 1#1: worker process 40 exited with code 0
2021/09/06 10:44:29 [notice] 1#1: worker process 41 exited with code 0
2021/09/06 10:44:29 [notice] 1#1: worker process 42 exited with code 0
2021/09/06 10:44:29 [notice] 1#1: worker process 44 exited with code 0
2021/09/06 10:44:29 [notice] 1#1: worker process 45 exited with code 0
2021/09/06 10:44:29 [notice] 1#1: worker process 49 exited with code 0
2021/09/06 10:44:29 [notice] 1#1: worker process 50 exited with code 0
2021/09/06 10:44:29 [notice] 1#1: signal 29 (SIGIO) received
2021/09/06 10:44:29 [notice] 1#1: signal 17 (SIGCHLD) received from 50
2021/09/06 10:44:29 [notice] 1#1: signal 17 (SIGCHLD) received from 46
2021/09/06 10:44:29 [notice] 1#1: worker process 32 exited with code 0
2021/09/06 10:44:29 [notice] 1#1: worker process 33 exited with code 0
2021/09/06 10:44:29 [notice] 1#1: worker process 37 exited with code 0
2021/09/06 10:44:29 [notice] 1#1: worker process 46 exited with code 0
2021/09/06 10:44:29 [notice] 1#1: signal 29 (SIGIO) received
2021/09/06 10:44:29 [notice] 1#1: signal 17 (SIGCHLD) received from 33
2021/09/06 10:44:29 [notice] 1#1: signal 17 (SIGCHLD) received from 47
2021/09/06 10:44:29 [notice] 1#1: worker process 38 exited with code 0
2021/09/06 10:44:29 [notice] 1#1: worker process 47 exited with code 0
2021/09/06 10:44:29 [notice] 1#1: signal 29 (SIGIO) received
2021/09/06 10:44:29 [notice] 1#1: signal 17 (SIGCHLD) received from 38
2021/09/06 10:44:29 [notice] 1#1: signal 17 (SIGCHLD) received from 43
2021/09/06 10:44:29 [notice] 1#1: worker process 35 exited with code 0
2021/09/06 10:44:29 [notice] 1#1: worker process 43 exited with code 0
2021/09/06 10:44:29 [notice] 1#1: worker process 48 exited with code 0
2021/09/06 10:44:29 [notice] 1#1: exit
2021/09/06 10:45:27 [notice] 1#1: using the "epoll" event method
2021/09/06 10:45:27 [notice] 1#1: nginx/1.21.1
2021/09/06 10:45:27 [notice] 1#1: built by gcc 8.3.0 (Debian 8.3.0-6) 
2021/09/06 10:45:27 [notice] 1#1: OS: Linux 5.10.16.3-microsoft-standard-WSL2
2021/09/06 10:45:27 [notice] 1#1: getrlimit(RLIMIT_NOFILE): 1048576:1048576
2021/09/06 10:45:27 [notice] 1#1: start worker processes
2021/09/06 10:45:27 [notice] 1#1: start worker process 30
2021/09/06 10:45:27 [notice] 1#1: start worker process 31
2021/09/06 10:45:27 [notice] 1#1: start worker process 32
2021/09/06 10:45:27 [notice] 1#1: start worker process 33
2021/09/06 10:45:27 [notice] 1#1: start worker process 34
2021/09/06 10:45:27 [notice] 1#1: start worker process 35
2021/09/06 10:45:27 [notice] 1#1: start worker process 36
2021/09/06 10:45:27 [notice] 1#1: start worker process 37
2021/09/06 10:45:27 [notice] 1#1: start worker process 38
2021/09/06 10:45:27 [notice] 1#1: start worker process 39
2021/09/06 10:45:27 [notice] 1#1: start worker process 40
2021/09/06 10:45:27 [notice] 1#1: start worker process 41
2021/09/06 10:45:27 [notice] 1#1: start worker process 42
2021/09/06 10:45:27 [notice] 1#1: start worker process 43
2021/09/06 10:45:27 [notice] 1#1: start worker process 44
2021/09/06 10:45:27 [notice] 1#1: start worker process 45
2021/09/06 10:45:27 [notice] 1#1: start worker process 46
2021/09/06 10:45:27 [notice] 1#1: start worker process 47
2021/09/06 10:45:27 [notice] 1#1: start worker process 48
2021/09/06 10:45:27 [notice] 1#1: start worker process 49
2021/09/06 10:46:05 [notice] 33#33: signal 15 (SIGTERM) received, exiting
2021/09/06 10:46:05 [notice] 33#33: exiting
2021/09/06 10:46:05 [notice] 44#44: signal 15 (SIGTERM) received, exiting
2021/09/06 10:46:05 [notice] 31#31: signal 15 (SIGTERM) received, exiting
2021/09/06 10:46:05 [notice] 46#46: signal 15 (SIGTERM) received, exiting
2021/09/06 10:46:05 [notice] 32#32: signal 15 (SIGTERM) received, exiting
2021/09/06 10:46:05 [notice] 48#48: signal 15 (SIGTERM) received, exiting
2021/09/06 10:46:05 [notice] 48#48: exiting
2021/09/06 10:46:05 [notice] 38#38: signal 15 (SIGTERM) received, exiting
2021/09/06 10:46:05 [notice] 40#40: signal 15 (SIGTERM) received, exiting
2021/09/06 10:46:05 [notice] 42#42: signal 15 (SIGTERM) received, exiting
2021/09/06 10:46:05 [notice] 1#1: signal 15 (SIGTERM) received, exiting
2021/09/06 10:46:05 [notice] 47#47: signal 15 (SIGTERM) received, exiting
2021/09/06 10:46:05 [notice] 49#49: signal 15 (SIGTERM) received, exiting
2021/09/06 10:46:05 [notice] 37#37: signal 15 (SIGTERM) received, exiting
2021/09/06 10:46:05 [notice] 35#35: signal 15 (SIGTERM) received, exiting
2021/09/06 10:46:05 [notice] 39#39: signal 15 (SIGTERM) received, exiting
2021/09/06 10:46:05 [notice] 43#43: signal 15 (SIGTERM) received, exiting
2021/09/06 10:46:05 [notice] 30#30: signal 15 (SIGTERM) received, exiting
2021/09/06 10:46:05 [notice] 30#30: exiting
2021/09/06 10:46:05 [notice] 34#34: signal 15 (SIGTERM) received, exiting
2021/09/06 10:46:05 [notice] 41#41: signal 15 (SIGTERM) received, exiting
2021/09/06 10:46:05 [notice] 45#45: signal 15 (SIGTERM) received, exiting
2021/09/06 10:46:05 [notice] 36#36: signal 15 (SIGTERM) received, exiting
2021/09/06 10:46:05 [notice] 33#33: exit
2021/09/06 10:46:05 [notice] 44#44: exiting
2021/09/06 10:46:05 [notice] 31#31: exiting
2021/09/06 10:46:05 [notice] 46#46: exiting
2021/09/06 10:46:05 [notice] 32#32: exiting
2021/09/06 10:46:05 [notice] 48#48: exit
2021/09/06 10:46:05 [notice] 38#38: exiting
2021/09/06 10:46:05 [notice] 40#40: exiting
2021/09/06 10:46:05 [notice] 42#42: exiting
2021/09/06 10:46:05 [notice] 47#47: exiting
2021/09/06 10:46:05 [notice] 49#49: exiting
2021/09/06 10:46:05 [notice] 37#37: exiting
2021/09/06 10:46:05 [notice] 35#35: exiting
2021/09/06 10:46:05 [notice] 37#37: exit
2021/09/06 10:46:05 [notice] 39#39: exiting
2021/09/06 10:46:05 [notice] 43#43: exiting
2021/09/06 10:46:05 [notice] 30#30: exit
2021/09/06 10:46:05 [notice] 34#34: exiting
2021/09/06 10:46:05 [notice] 41#41: exiting
2021/09/06 10:46:05 [notice] 45#45: exiting
2021/09/06 10:46:05 [notice] 36#36: exiting
2021/09/06 10:46:05 [notice] 44#44: exit
2021/09/06 10:46:05 [notice] 31#31: exit
2021/09/06 10:46:05 [notice] 46#46: exit
2021/09/06 10:46:05 [notice] 32#32: exit
2021/09/06 10:46:05 [notice] 38#38: exit
2021/09/06 10:46:05 [notice] 40#40: exit
2021/09/06 10:46:05 [notice] 42#42: exit
2021/09/06 10:46:05 [notice] 47#47: exit
2021/09/06 10:46:05 [notice] 49#49: exit
2021/09/06 10:46:05 [notice] 35#35: exit
2021/09/06 10:46:05 [notice] 39#39: exit
2021/09/06 10:46:05 [notice] 43#43: exit
2021/09/06 10:46:05 [notice] 34#34: exit
2021/09/06 10:46:05 [notice] 41#41: exit
2021/09/06 10:46:05 [notice] 45#45: exit
2021/09/06 10:46:05 [notice] 36#36: exit
2021/09/06 10:46:05 [notice] 1#1: signal 14 (SIGALRM) received
2021/09/06 10:46:05 [notice] 1#1: signal 14 (SIGALRM) received
2021/09/06 10:46:05 [notice] 1#1: signal 17 (SIGCHLD) received from 40
2021/09/06 10:46:05 [notice] 1#1: worker process 30 exited with code 0
2021/09/06 10:46:05 [notice] 1#1: worker process 33 exited with code 0
2021/09/06 10:46:05 [notice] 1#1: worker process 34 exited with code 0
2021/09/06 10:46:05 [notice] 1#1: worker process 37 exited with code 0
2021/09/06 10:46:05 [notice] 1#1: worker process 39 exited with code 0
2021/09/06 10:46:05 [notice] 1#1: worker process 40 exited with code 0
2021/09/06 10:46:05 [notice] 1#1: worker process 41 exited with code 0
2021/09/06 10:46:05 [notice] 1#1: worker process 45 exited with code 0
2021/09/06 10:46:05 [notice] 1#1: worker process 47 exited with code 0
2021/09/06 10:46:05 [notice] 1#1: signal 29 (SIGIO) received
2021/09/06 10:46:05 [notice] 1#1: signal 17 (SIGCHLD) received from 39
2021/09/06 10:46:05 [notice] 1#1: signal 17 (SIGCHLD) received from 49
2021/09/06 10:46:05 [notice] 1#1: worker process 32 exited with code 0
2021/09/06 10:46:05 [notice] 1#1: worker process 49 exited with code 0
2021/09/06 10:46:05 [notice] 1#1: signal 29 (SIGIO) received
2021/09/06 10:46:05 [notice] 1#1: signal 17 (SIGCHLD) received from 46
2021/09/06 10:46:05 [notice] 1#1: worker process 35 exited with code 0
2021/09/06 10:46:05 [notice] 1#1: worker process 38 exited with code 0
2021/09/06 10:46:05 [notice] 1#1: worker process 46 exited with code 0
2021/09/06 10:46:05 [notice] 1#1: worker process 48 exited with code 0
2021/09/06 10:46:05 [notice] 1#1: signal 29 (SIGIO) received
2021/09/06 10:46:05 [notice] 1#1: signal 17 (SIGCHLD) received from 35
2021/09/06 10:46:05 [notice] 1#1: signal 17 (SIGCHLD) received from 36
2021/09/06 10:46:05 [notice] 1#1: worker process 31 exited with code 0
2021/09/06 10:46:05 [notice] 1#1: worker process 36 exited with code 0
2021/09/06 10:46:05 [notice] 1#1: worker process 42 exited with code 0
2021/09/06 10:46:05 [notice] 1#1: worker process 43 exited with code 0
2021/09/06 10:46:05 [notice] 1#1: signal 29 (SIGIO) received
2021/09/06 10:46:05 [notice] 1#1: signal 17 (SIGCHLD) received from 43
2021/09/06 10:46:05 [notice] 1#1: signal 17 (SIGCHLD) received from 44
2021/09/06 10:46:05 [notice] 1#1: worker process 44 exited with code 0
2021/09/06 10:46:05 [notice] 1#1: exit
2021/09/06 10:57:16 [notice] 1#1: using the "epoll" event method
2021/09/06 10:57:16 [notice] 1#1: nginx/1.21.1
2021/09/06 10:57:16 [notice] 1#1: built by gcc 8.3.0 (Debian 8.3.0-6) 
2021/09/06 10:57:16 [notice] 1#1: OS: Linux 5.10.16.3-microsoft-standard-WSL2
2021/09/06 10:57:16 [notice] 1#1: getrlimit(RLIMIT_NOFILE): 1048576:1048576
2021/09/06 10:57:16 [notice] 1#1: start worker processes
2021/09/06 10:57:16 [notice] 1#1: start worker process 31
2021/09/06 10:57:16 [notice] 1#1: start worker process 32
2021/09/06 10:57:16 [notice] 1#1: start worker process 33
2021/09/06 10:57:16 [notice] 1#1: start worker process 34
2021/09/06 10:57:16 [notice] 1#1: start worker process 35
2021/09/06 10:57:16 [notice] 1#1: start worker process 36
2021/09/06 10:57:16 [notice] 1#1: start worker process 37
2021/09/06 10:57:16 [notice] 1#1: start worker process 38
2021/09/06 10:57:16 [notice] 1#1: start worker process 39
2021/09/06 10:57:16 [notice] 1#1: start worker process 40
2021/09/06 10:57:16 [notice] 1#1: start worker process 41
2021/09/06 10:57:16 [notice] 1#1: start worker process 42
2021/09/06 10:57:16 [notice] 1#1: start worker process 43
2021/09/06 10:57:16 [notice] 1#1: start worker process 44
